0 info it worked if it ends with ok
1 verbose cli [ '/usr/local/Cellar/node/0.10.25/bin/node',
1 verbose cli   '/usr/local/bin/npm',
1 verbose cli   'install',
1 verbose cli   'git@github.com:cainus/codecov.io@bfd4c4a' ]
2 info using npm@1.3.24
3 info using node@v0.10.25
4 verbose readDependencies using package.json deps
5 verbose cache add [ 'git@github.com:cainus/codecov.io@bfd4c4a', null ]
6 verbose cache add name=undefined spec="git@github.com:cainus/codecov.io@bfd4c4a" args=["git@github.com:cainus/codecov.io@bfd4c4a",null]
7 verbose parsed url { protocol: null,
7 verbose parsed url   slashes: null,
7 verbose parsed url   auth: null,
7 verbose parsed url   host: null,
7 verbose parsed url   port: null,
7 verbose parsed url   hostname: null,
7 verbose parsed url   hash: null,
7 verbose parsed url   search: null,
7 verbose parsed url   query: null,
7 verbose parsed url   pathname: 'git@github.com:cainus/codecov.io@bfd4c4a',
7 verbose parsed url   path: 'git@github.com:cainus/codecov.io@bfd4c4a',
7 verbose parsed url   href: 'git@github.com:cainus/codecov.io@bfd4c4a' }
8 verbose cache add name="git" spec="github.com:cainus/codecov.io@bfd4c4a" args=["git","github.com:cainus/codecov.io@bfd4c4a"]
9 verbose parsed url { protocol: 'github.com:',
9 verbose parsed url   slashes: null,
9 verbose parsed url   auth: null,
9 verbose parsed url   host: 'cainus',
9 verbose parsed url   port: null,
9 verbose parsed url   hostname: 'cainus',
9 verbose parsed url   hash: null,
9 verbose parsed url   search: null,
9 verbose parsed url   query: null,
9 verbose parsed url   pathname: '/codecov.io@bfd4c4a',
9 verbose parsed url   path: '/codecov.io@bfd4c4a',
9 verbose parsed url   href: 'github.com:cainus/codecov.io@bfd4c4a' }
10 verbose addNamed [ 'git', 'github.com:cainus/codecov.io@bfd4c4a' ]
11 verbose addNamed [ null, null ]
12 silly lockFile 4e143ca9-ub-com-cainus-codecov-io-bfd4c4a git@github.com:cainus/codecov.io@bfd4c4a
13 verbose lock git@github.com:cainus/codecov.io@bfd4c4a /Users/peak/.npm/4e143ca9-ub-com-cainus-codecov-io-bfd4c4a.lock
14 info addNameTag [ 'git', 'github.com:cainus/codecov.io@bfd4c4a' ]
15 verbose url raw git
16 verbose url resolving [ 'https://registry.npmjs.org/', './git' ]
17 verbose url resolved https://registry.npmjs.org/git
18 info trying registry request attempt 1 at 10:02:43
19 http GET https://registry.npmjs.org/git
20 http 200 https://registry.npmjs.org/git
21 silly registry.get cb [ 200,
21 silly registry.get   { date: 'Fri, 20 Mar 2015 02:02:44 GMT',
21 silly registry.get     server: 'CouchDB/1.5.0 (Erlang OTP/R16B03)',
21 silly registry.get     etag: '"5HN89733IX2Q9XGVMKF99L8QL"',
21 silly registry.get     'content-type': 'application/json',
21 silly registry.get     'cache-control': 'max-age=60',
21 silly registry.get     'content-length': '10033',
21 silly registry.get     'accept-ranges': 'bytes',
21 silly registry.get     via: '1.1 varnish',
21 silly registry.get     age: '0',
21 silly registry.get     'x-served-by': 'cache-sn88-SIN',
21 silly registry.get     'x-cache': 'MISS',
21 silly registry.get     'x-cache-hits': '0',
21 silly registry.get     'x-timer': 'S1426816963.959281,VS0,VE266',
21 silly registry.get     vary: 'Accept',
21 silly registry.get     'keep-alive': 'timeout=10, max=50',
21 silly registry.get     connection: 'Keep-Alive' } ]
22 info maybeGithub Attempting github.com:cainus/codecov.io@bfd4c4a from git://github.com/github.com:cainus/codecov.io@bfd4c4a
23 silly lockFile 5e67e1dc-ub-com-cainus-codecov-io-bfd4c4a git://github.com/github.com:cainus/codecov.io@bfd4c4a
24 verbose lock git://github.com/github.com:cainus/codecov.io@bfd4c4a /Users/peak/.npm/5e67e1dc-ub-com-cainus-codecov-io-bfd4c4a.lock
25 verbose addRemoteGit [ 'git://github.com/github.com:cainus/codecov.io@bfd4c4a',
25 verbose addRemoteGit   'master' ]
26 verbose git clone git://github.com/github.com:cainus/codecov.io@bfd4c4a Cloning into bare repository '/Users/peak/.npm/_git-remotes/git-github-com-github-com-cainus-codecov-io-bfd4c4a-5e67e1dc'...
26 verbose git clone git://github.com/github.com:cainus/codecov.io@bfd4c4a fatal: remote error:
26 verbose git clone git://github.com/github.com:cainus/codecov.io@bfd4c4a   github.com:cainus/codecov.io@bfd4c4a is not a valid repository name
26 verbose git clone git://github.com/github.com:cainus/codecov.io@bfd4c4a   Email support@github.com for help
27 silly lockFile 5e67e1dc-ub-com-cainus-codecov-io-bfd4c4a git://github.com/github.com:cainus/codecov.io@bfd4c4a
28 silly lockFile 5e67e1dc-ub-com-cainus-codecov-io-bfd4c4a git://github.com/github.com:cainus/codecov.io@bfd4c4a
29 info maybeGithub Attempting github.com:cainus/codecov.io@bfd4c4a from git+ssh://git@github.com:github.com:cainus/codecov.io@bfd4c4a
30 silly lockFile 770b8d40-ub-com-cainus-codecov-io-bfd4c4a git+ssh://git@github.com:github.com:cainus/codecov.io@bfd4c4a
31 verbose lock git+ssh://git@github.com:github.com:cainus/codecov.io@bfd4c4a /Users/peak/.npm/770b8d40-ub-com-cainus-codecov-io-bfd4c4a.lock
32 verbose addRemoteGit [ 'git@github.com:github.com:cainus/codecov.io@bfd4c4a',
32 verbose addRemoteGit   'master' ]
33 verbose git clone git@github.com:github.com:cainus/codecov.io@bfd4c4a Cloning into bare repository '/Users/peak/.npm/_git-remotes/git-github-com-github-com-cainus-codecov-io-bfd4c4a-7097ddf2'...
33 verbose git clone git@github.com:github.com:cainus/codecov.io@bfd4c4a fatal: remote error:
33 verbose git clone git@github.com:github.com:cainus/codecov.io@bfd4c4a    is not a valid repository name
33 verbose git clone git@github.com:github.com:cainus/codecov.io@bfd4c4a   Email support@github.com for help
34 silly lockFile 7097ddf2-ub-com-cainus-codecov-io-bfd4c4a git@github.com:github.com:cainus/codecov.io@bfd4c4a
35 silly lockFile 4e143ca9-ub-com-cainus-codecov-io-bfd4c4a git@github.com:cainus/codecov.io@bfd4c4a
36 silly lockFile 4e143ca9-ub-com-cainus-codecov-io-bfd4c4a git@github.com:cainus/codecov.io@bfd4c4a
37 error notarget No compatible version found: git@'github.com:cainus/codecov.io@bfd4c4a'
37 error notarget Valid install targets:
37 error notarget ["0.1.0","0.1.1","0.1.2","0.1.3","0.1.4","0.1.5"]
37 error notarget
37 error notarget This is most likely not a problem with npm itself.
37 error notarget In most cases you or one of your dependencies are requesting
37 error notarget a package version that doesn't exist.
38 error System Darwin 14.0.0
39 error command "/usr/local/Cellar/node/0.10.25/bin/node" "/usr/local/bin/npm" "install" "git@github.com:cainus/codecov.io@bfd4c4a"
40 error cwd /Users/peak/Documents/codecov/example-node
41 error node -v v0.10.25
42 error npm -v 1.3.24
43 error code ETARGET
44 verbose exit [ 1, true ]
